<?xml version="1.0" encoding="UTF-8"?>
<testng-results ignored="0" total="1" passed="1" failed="0" skipped="0">
  <reporter-output>
  </reporter-output>
  <suite started-at="2023-12-03T20:15:51 IST" name="Default suite" finished-at="2023-12-03T20:15:58 IST" duration-ms="7305">
    <groups>
    </groups>
    <test started-at="2023-12-03T20:15:51 IST" name="Default test" finished-at="2023-12-03T20:15:58 IST" duration-ms="7305">
      <class name="test.Datepicker">
        <test-method is-config="true" signature="setup()[pri:0, instance:test.Datepicker@434a63ab]" started-at="2023-12-03T20:15:51 IST" name="setup" finished-at="2023-12-03T20:15:56 IST" duration-ms="5768" status="PASS">
          <reporter-output>
          </reporter-output>
        </test-method> <!-- setup -->
        <test-method signature="datepickertest()[pri:0, instance:test.Datepicker@434a63ab]" started-at="2023-12-03T20:15:56 IST" name="datepickertest" finished-at="2023-12-03T20:15:58 IST" duration-ms="1499" status="PASS">
          <reporter-output>
          </reporter-output>
        </test-method> <!-- datepickertest -->
      </class> <!-- test.Datepicker -->
    </test> <!-- Default test -->
  </suite> <!-- Default suite -->
</testng-results>
